<?xml version="1.0" encoding="UTF-8"?>
<!-- Generated by org.testng.reporters.JUnitXMLReporter -->
<testsuite ignored="0" hostname="DESKTOP-A3GGF3L" failures="0" tests="4" name="Default test" time="0.054" errors="0" timestamp="2023-01-11T12:27:03 PST">
  <testcase classname="com.basicscript.testng.BasicTestNg" name="subMethod4" time="0.005"/>
  <testcase classname="com.basicscript.testng.BasicTestNg" name="subMethod4" time="0.001"/>
  <testcase classname="com.basicscript.testng.BasicTestNg" name="subMethod4" time="0.001"/>
  <testcase classname="com.basicscript.testng.BasicTestNg" name="subMethod5" time="0.002"/>
</testsuite> <!-- Default test -->
