<?xml version="1.0" encoding="UTF-8"?>
<!-- Generated by org.testng.reporters.JUnitXMLReporter -->
<testsuite ignored="5" hostname="DESKTOP-A3GGF3L" failures="0" tests="1" name="Test" time="0.036" errors="0" timestamp="2023-01-14T13:37:21 PST">
  <testcase classname="com.basicscript.testng.Basic1" name="productdelete" time="0.005"/>
  <testcase classname="com.basicscript.testng.Basic1" name="username" time="0.0">
    <ignored/>
  </testcase> <!-- username -->
  <testcase classname="com.basicscript.testng.Basic1" name="productsearch" time="0.0">
    <ignored/>
  </testcase> <!-- productsearch -->
  <testcase classname="com.basicscript.testng.Basic1" name="password" time="0.0">
    <ignored/>
  </testcase> <!-- password -->
  <testcase classname="com.basicscript.testng.Basic1" name="loginBtn" time="0.0">
    <ignored/>
  </testcase> <!-- loginBtn -->
  <testcase classname="com.basicscript.testng.Basic1" name="productSelect" time="0.0">
    <ignored/>
  </testcase> <!-- productSelect -->
</testsuite> <!-- Test -->
