<?xml version="1.0" encoding="UTF-8"?>
<testng-results ignored="5" total="6" passed="1" failed="0" skipped="0">
  <reporter-output>
  </reporter-output>
  <suite started-at="2023-01-14T13:37:21 PST" name="Suite" finished-at="2023-01-14T13:37:21 PST" duration-ms="36">
    <groups>
      <group name="productdelete">
        <method signature="Basic1.productdelete()[pri:0, instance:com.basicscript.testng.Basic1@1b1426f4]" name="productdelete" class="com.basicscript.testng.Basic1"/>
      </group> <!-- productdelete -->
    </groups>
    <test started-at="2023-01-14T13:37:21 PST" name="Test" finished-at="2023-01-14T13:37:21 PST" duration-ms="36">
      <class name="com.basicscript.testng.Basic1">
        <test-method is-config="true" signature="browserLaunch()[pri:0, instance:com.basicscript.testng.Basic1@1b1426f4]" started-at="2023-01-14T13:37:21 PST" name="browserLaunch" finished-at="2023-01-14T13:37:21 PST" duration-ms="4" status="PASS">
          <reporter-output>
          </reporter-output>
        </test-method> <!-- browserLaunch -->
        <test-method signature="productdelete()[pri:0, instance:com.basicscript.testng.Basic1@1b1426f4]" started-at="2023-01-14T13:37:21 PST" name="productdelete" finished-at="2023-01-14T13:37:21 PST" duration-ms="5" status="PASS">
          <reporter-output>
          </reporter-output>
        </test-method> <!-- productdelete -->
        <test-method is-config="true" signature="browserclose()[pri:0, instance:com.basicscript.testng.Basic1@1b1426f4]" started-at="2023-01-14T13:37:21 PST" name="browserclose" finished-at="2023-01-14T13:37:21 PST" duration-ms="0" status="PASS">
          <reporter-output>
          </reporter-output>
        </test-method> <!-- browserclose -->
      </class> <!-- com.basicscript.testng.Basic1 -->
    </test> <!-- Test -->
  </suite> <!-- Suite -->
</testng-results>
